Board view!
|0|,|0|,|-1|,|0|,|-1|,|0|,|-1|,|0|,|0|,|0|,|0|,|-8|,|0|,|-10|,|0|,|-12|,|0|,|0|,|-13|,|0|,|-15|,|0|,|-17|,|0|,|-1|,|0|,|-3|,|0|
Monte Carlo for 100 iterations:	 0,463066406250000
Monte Carlo for 1000 iterations:	 0,502843750000000
Monte Carlo for 10000 iterations:	 0,506341210937500
Monte Carlo for 100000 iterations:	 0,506529882812500
Monte Carlo for 1000000 iterations:	 0,506302840176080
Gauss Seidell: Iterations: 10, x(0, 0, 1) = 	0,105439451317273
Gauss Seidell: Iterations: 20, x(0, 0, 1) = 	0,266070681910342
Gauss Seidell: Iterations: 30, x(0, 0, 1) = 	0,362358787691747
Gauss Seidell: Iterations: 40, x(0, 0, 1) = 	0,420042154678792
Gauss Seidell: Iterations: 50, x(0, 0, 1) = 	0,454598552170105
Gauss Seidell: Iterations: 60, x(0, 0, 1) = 	0,475300266892559
Gauss Seidell: Iterations: 70, x(0, 0, 1) = 	0,487702051325024
Gauss Seidell: Iterations: 80, x(0, 0, 1) = 	0,495131593233575
Gauss Seidell: Iterations: 90, x(0, 0, 1) = 	0,499582411845324
Gauss Seidell: Iterations: 100, x(0, 0, 1) = 	0,502248765512687
Gauss Seidell: Iterations: 110, x(0, 0, 1) = 	0,503846099059529
Gauss Seidell: Iterations: 120, x(0, 0, 1) = 	0,504803014299657
Gauss Seidell: Iterations: 130, x(0, 0, 1) = 	0,505376273891305
Gauss Seidell: Iterations: 140, x(0, 0, 1) = 	0,505719696741768
Gauss Seidell: Iterations: 150, x(0, 0, 1) = 	0,505925431204721
Gauss Seidell: Iterations: 160, x(0, 0, 1) = 	0,506048680630871
Gauss Seidell: Iterations: 170, x(0, 0, 1) = 	0,506122515713377
Gauss Seidell: Iterations: 180, x(0, 0, 1) = 	0,506166748125477
Gauss Seidell: Iterations: 190, x(0, 0, 1) = 	0,506193246454101
Gauss Seidell: Iterations: 200, x(0, 0, 1) = 	0,506209120818318
Gauss Seidell: Iterations: 210, x(0, 0, 1) = 	0,506218630679973
Gauss Seidell: Iterations: 220, x(0, 0, 1) = 	0,506224327756558
Gauss Seidell: Iterations: 230, x(0, 0, 1) = 	0,506227740706483
Gauss Seidell: Iterations: 240, x(0, 0, 1) = 	0,506229785303745
Gauss Seidell: Iterations: 250, x(0, 0, 1) = 	0,506231010161436
Gauss Seidell: Iterations: 260, x(0, 0, 1) = 	0,506231743937418
Gauss Seidell: Iterations: 270, x(0, 0, 1) = 	0,506232183520886
Gauss Seidell: Iterations: 280, x(0, 0, 1) = 	0,506232446862328
Gauss Seidell: Iterations: 290, x(0, 0, 1) = 	0,506232604622390
Gauss Seidell: Iterations: 300, x(0, 0, 1) = 	0,506232699131773
Gauss Seidell: Iterations: 310, x(0, 0, 1) = 	0,506232755749546
Gauss Seidell: Iterations: 320, x(0, 0, 1) = 	0,506232789667578
Gauss Seidell: Iterations: 330, x(0, 0, 1) = 	0,506232809986867
Gauss Seidell: Iterations: 340, x(0, 0, 1) = 	0,506232822159551
Gauss Seidell: Iterations: 350, x(0, 0, 1) = 	0,506232829451846
Gauss Seidell: Iterations: 360, x(0, 0, 1) = 	0,506232833820444
Gauss Seidell: Iterations: 370, x(0, 0, 1) = 	0,506232836437541
Gauss Seidell: Iterations: 380, x(0, 0, 1) = 	0,506232838005367
Gauss Seidell: Iterations: 390, x(0, 0, 1) = 	0,506232838944605
Gauss Seidell: Iterations: 400, x(0, 0, 1) = 	0,506232839507275
Gauss Seidell: Iterations: 410, x(0, 0, 1) = 	0,506232839844354
Gauss Seidell: Iterations: 420, x(0, 0, 1) = 	0,506232840046288
Gauss Seidell: Iterations: 430, x(0, 0, 1) = 	0,506232840167260
Gauss Seidell: Iterations: 440, x(0, 0, 1) = 	0,506232840239731
Gauss Seidell: Iterations: 450, x(0, 0, 1) = 	0,506232840283147
Gauss Seidell: Iterations: 460, x(0, 0, 1) = 	0,506232840309156
Gauss Seidell: Iterations: 470, x(0, 0, 1) = 	0,506232840324736
Gauss Seidell: Iterations: 480, x(0, 0, 1) = 	0,506232840334071
Gauss Seidell: Iterations: 490, x(0, 0, 1) = 	0,506232840339663
Gauss Seidell: Iterations: 500, x(0, 0, 1) = 	0,506232840343013
Gauss Seidell: Iterations: 510, x(0, 0, 1) = 	0,506232840345019
Gauss Seidell: Iterations: 520, x(0, 0, 1) = 	0,506232840346222
Gauss Seidell: Iterations: 530, x(0, 0, 1) = 	0,506232840346942
Gauss Seidell: Iterations: 540, x(0, 0, 1) = 	0,506232840347373
Gauss Seidell: Iterations: 550, x(0, 0, 1) = 	0,506232840347632
Gauss Seidell: Iterations: 560, x(0, 0, 1) = 	0,506232840347787
Gauss Seidell: Iterations: 570, x(0, 0, 1) = 	0,506232840347879
Gauss Seidell: Iterations: 580, x(0, 0, 1) = 	0,506232840347935
Gauss Seidell: Iterations: 590, x(0, 0, 1) = 	0,506232840347968
Gauss Seidell: Iterations: 600, x(0, 0, 1) = 	0,506232840347988
Gauss Seidell: Iterations: 610, x(0, 0, 1) = 	0,506232840348000
Gauss Seidell: Iterations: 620, x(0, 0, 1) = 	0,506232840348007
Gauss Seidell: Iterations: 630, x(0, 0, 1) = 	0,506232840348011
Gauss Seidell: Iterations: 640, x(0, 0, 1) = 	0,506232840348014
Gauss Seidell: Iterations: 650, x(0, 0, 1) = 	0,506232840348016
Gauss Seidell: Iterations: 660, x(0, 0, 1) = 	0,506232840348017
Gauss Seidell: Iterations: 670, x(0, 0, 1) = 	0,506232840348017
Gauss Seidell: Iterations: 680, x(0, 0, 1) = 	0,506232840348018
Gauss Seidell: Iterations: 690, x(0, 0, 1) = 	0,506232840348018
Gauss Seidell: Iterations: 700, x(0, 0, 1) = 	0,506232840348018
Gauss Seidell: Iterations: 710, x(0, 0, 1) = 	0,506232840348018
Gauss Seidell: Iterations: 720, x(0, 0, 1) = 	0,506232840348018
Gauss Seidell: Iterations: 730, x(0, 0, 1) = 	0,506232840348018
Gauss Seidell: Iterations: 740, x(0, 0, 1) = 	0,506232840348018
Gauss Seidell: Iterations: 750, x(0, 0, 1) = 	0,506232840348018
Gauss Seidell: Iterations: 760, x(0, 0, 1) = 	0,506232840348018
Gauss Seidell: Iterations: 770, x(0, 0, 1) = 	0,506232840348018
Gauss Seidell: Iterations: 780, x(0, 0, 1) = 	0,506232840348018
Gauss Seidell: Iterations: 790, x(0, 0, 1) = 	0,506232840348018
Gauss Seidell: Iterations: 800, x(0, 0, 1) = 	0,506232840348018
Gauss Seidell: Iterations: 810, x(0, 0, 1) = 	0,506232840348018
Gauss Seidell: Iterations: 820, x(0, 0, 1) = 	0,506232840348018
Gauss Seidell: Iterations: 830, x(0, 0, 1) = 	0,506232840348018
Gauss Seidell: Iterations: 840, x(0, 0, 1) = 	0,506232840348018
Gauss Seidell: Iterations: 850, x(0, 0, 1) = 	0,506232840348018
Gauss Seidell: Iterations: 860, x(0, 0, 1) = 	0,506232840348018
Gauss Seidell: Iterations: 870, x(0, 0, 1) = 	0,506232840348018
Gauss Seidell: Iterations: 880, x(0, 0, 1) = 	0,506232840348018
Gauss Seidell: Iterations: 890, x(0, 0, 1) = 	0,506232840348018
Gauss Seidell: Iterations: 900, x(0, 0, 1) = 	0,506232840348018
Gauss Seidell: Iterations: 910, x(0, 0, 1) = 	0,506232840348018
Gauss Seidell: Iterations: 920, x(0, 0, 1) = 	0,506232840348018
Gauss Seidell: Iterations: 930, x(0, 0, 1) = 	0,506232840348018
Gauss Seidell: Iterations: 940, x(0, 0, 1) = 	0,506232840348018
Gauss Seidell: Iterations: 950, x(0, 0, 1) = 	0,506232840348018
Gauss Seidell: Iterations: 960, x(0, 0, 1) = 	0,506232840348018
Gauss Seidell: Iterations: 970, x(0, 0, 1) = 	0,506232840348018
Gauss Seidell: Iterations: 980, x(0, 0, 1) = 	0,506232840348018
Gauss Seidell: Iterations: 990, x(0, 0, 1) = 	0,506232840348018
Gauss method: x(0, 0, 1) = 	0,506232840348019
